Jan 29 12:01:37 ZimaCube77 icewhale-files[25546]: [2026-01-29 12:01:37.281] [VFS DEBUG] [VFS Rename] New parent object: newParentID=443666862702592, newParentName=.recycle, sourceParentID=448652661227520
Jan 29 12:01:37 ZimaCube77 icewhale-files[25546]: [2026-01-29 12:01:37.281] [VFS DEBUG] [VFS Rename] Skipping atomic replace detection: target is recycle bin (normal delete operation)
Jan 29 12:01:37 ZimaCube77 icewhale-files[25546]: [2026-01-29 12:01:37.344] [VFS DEBUG] [VFS Rename] Checking merge condition: isRemovingTmp=false, existingTargetID=0, sourceID=448666775060480, sourceName=zimabroad2-0422-sub-fianl-2k.m4v, targetName=zimabroad2-0422-sub-fianl-2k.m4v
Jan 29 12:01:37 ZimaCube77 icewhale-files[25546]: [2026-01-29 12:01:37.344] [VFS DEBUG] [VFS Rename] Rename source file to target name: sourceID=448666775060480, targetID=0, targetName=zimabroad2-0422-sub-fianl-2k.m4v
Jan 29 12:01:37 ZimaCube77 icewhale-files[25546]: [2026-01-29 12:01:37.344] [VFS DEBUG] [VFS Rename] Successfully renamed source file to target name: sourceID=448666775060480, targetID=0, targetName=zimabroad2-0422-sub-fianl-2k.m4v
Jan 29 12:01:37 ZimaCube77 icewhale-files[25546]: [2026-01-29 12:01:37.344] [VFS DEBUG] [VFS Rename] Invalidated DataInfo cache: fileID=448666775060480, dataID=448666775060481
Jan 29 12:01:37 ZimaCube77 icewhale-files[25546]: [2026-01-29 12:01:37.344] [VFS DEBUG] [VFS invalidateDirListCache] Invalidated directory cache: dirID=448652661227520
Jan 29 12:01:37 ZimaCube77 icewhale-files[25546]: [2026-01-29 12:01:37.344] [VFS DEBUG] [VFS invalidateDirListCache] Invalidated directory cache: dirID=443666862702592
Jan 29 12:01:37 ZimaCube77 icewhale-files[25546]: [2026-01-29 12:01:37.345] [VFS DEBUG] [VFS Flush] Entry: objID=448666775060480, FileHandle=i448666775060480 g0 (reg):
Jan 29 12:01:37 ZimaCube77 icewhale-files[25546]: [2026-01-29 12:01:37.345] [VFS DEBUG] [VFS flushImpl] Entry: objID=448666775060480
Jan 29 12:01:37 ZimaCube77 icewhale-files[25546]: [2026-01-29 12:01:37.345] [VFS DEBUG] [VFS getObj] ✅ Found in global cache: objID=448666775060480, type=2 (FILE=2, DIR=1), name=zimabroad2-0422-sub-fianl-2k.m4v, PID=443666862702592, size=251145559, DataID=448666775060481, mtime=1769659294
Jan 29 12:01:37 ZimaCube77 icewhale-files[25546]: [2026-01-29 12:01:37.345] [VFS DEBUG] [VFS Flush] Flushing file: fileID=448666775060480, currentSize=251145559
Jan 29 12:01:37 ZimaCube77 icewhale-files[25546]: [2026-01-29 12:01:37.345] [VFS DEBUG] [VFS RandomAccessor Flush] Starting flush: fileID=448666775060480, force=false
Jan 29 12:01:37 ZimaCube77 icewhale-files[25546]: [2026-01-29 12:01:37.345] [VFS DEBUG] [VFS RandomAccessor Flush] 🔍 Checking journal flush path: fileID=448666775060480, force=false
Jan 29 12:01:37 ZimaCube77 icewhale-files[25546]: [2026-01-29 12:01:37.345] [VFS DEBUG] [VFS flushJournal] Journal is dirty, proceeding to flush: fileID=448666775060480, isSparse=true, virtualSize=251145559
Jan 29 12:01:37 ZimaCube77 icewhale-files[25546]: [2026-01-29 12:01:37.345] [VFS DEBUG] [VFS flushJournal] Flushing journal: fileID=448666775060480
Jan 29 12:01:37 ZimaCube77 icewhale-files[25546]: [2026-01-29 12:01:37.345] [VFS DEBUG] [VFS flushJournal] Checking journal sparse properties: fileID=448666775060480, journal.isSparse=true, journal.virtualSize=251145559
Jan 29 12:01:37 ZimaCube77 icewhale-files[25546]: [2026-01-29 12:01:37.345] [VFS DEBUG] [VFS flushJournal] Sparse file detected: fileID=448666775060480, virtualSize=251145559
Jan 29 12:01:37 ZimaCube77 icewhale-files[25546]: [2026-01-29 12:01:37.345] [VFS DEBUG] [Journal Flush] Starting flush: fileID=448666775060480, entries=1, baseDataID=448666775060481, baseSize=251145559
Jan 29 12:01:37 ZimaCube77 icewhale-files[25546]: [2026-01-29 12:01:37.345] [VFS DEBUG] [Journal flushLargeFile] fileID=448666775060480, baseSize=251145559, modifiedBytes=51904512, ratio=20.67%
Jan 29 12:01:37 ZimaCube77 icewhale-files[25546]: [2026-01-29 12:01:37.345] [VFS DEBUG] [Journal flushLargeFile] Using chunked COW flush strategy
Jan 29 12:01:37 ZimaCube77 icewhale-files[25546]: [2026-01-29 12:01:37.345] [VFS DEBUG] [Journal flushLargeFileChunked] fileID=448666775060480, totalChunks=24, modifiedChunks=5 (20.8%)
Jan 29 12:01:37 ZimaCube77 icewhale-files[25546]: [2026-01-29 12:01:37.345] [VFS DEBUG] [Journal flushLargeFileChunked] Processing config: needsCompress=false, needsEncrypt=true, processKind=0x3, endecKey length=32
Jan 29 12:01:37 ZimaCube77 icewhale-files[25546]: [2026-01-29 12:01:37.347] [VFS DEBUG] [Journal generateChunkData] Sparse file: base read failed (keeping zeros): fileID=448666775060480, offset=20971520, length=10485760, err=failed to read chunk 2: open /media/nvme/.zima_encrypted_folders/443642359578624/BFF/A918612BD2ED4BFF/448666775060481_2: no such file or directory
Jan 29 12:01:37 ZimaCube77 icewhale-files[25546]: [2026-01-29 12:01:37.352] [VFS DEBUG] [Journal flushLargeFileChunked] Processed chunk 2: original=10485760, processed=10485788, kind=0x3
Jan 29 12:01:37 ZimaCube77 icewhale-files[25546]: [2026-01-29 12:01:37.377] [VFS DEBUG] [Journal flushLargeFileChunked] Wrote chunk 2: offset=20971520, length=10485788
Jan 29 12:01:37 ZimaCube77 icewhale-files[25546]: [2026-01-29 12:01:37.378] [VFS DEBUG] [Journal generateChunkData] Sparse file: base read failed (keeping zeros): fileID=448666775060480, offset=31457280, length=10485760, err=failed to read chunk 3: open /media/nvme/.zima_encrypted_folders/443642359578624/487/A780D2111D937487/448666775060481_3: no such file or directory
Jan 29 12:01:37 ZimaCube77 icewhale-files[25546]: [2026-01-29 12:01:37.383] [VFS DEBUG] [Journal flushLargeFileChunked] Processed chunk 3: original=10485760, processed=10485788, kind=0x3
Jan 29 12:01:37 ZimaCube77 icewhale-files[25546]: [2026-01-29 12:01:37.394] [VFS DEBUG] [Journal flushLargeFileChunked] Wrote chunk 3: offset=31457280, length=10485788
Jan 29 12:01:37 ZimaCube77 icewhale-files[25546]: [2026-01-29 12:01:37.395] [VFS DEBUG] [Journal generateChunkData] Sparse file: base read failed (keeping zeros): fileID=448666775060480, offset=41943040, length=10485760, err=failed to read chunk 4: open /media/nvme/.zima_encrypted_folders/443642359578624/F90/E5964AB69FEB4F90/448666775060481_4: no such file or directory
Jan 29 12:01:37 ZimaCube77 icewhale-files[25546]: [2026-01-29 12:01:37.402] [VFS DEBUG] [Journal flushLargeFileChunked] Processed chunk 4: original=10485760, processed=10485788, kind=0x3
Jan 29 12:01:37 ZimaCube77 icewhale-files[25546]: [2026-01-29 12:01:37.414] [VFS DEBUG] [Journal flushLargeFileChunked] Wrote chunk 4: offset=41943040, length=10485788
Jan 29 12:01:37 ZimaCube77 icewhale-files[25546]: [2026-01-29 12:01:37.415] [VFS DEBUG] [Journal generateChunkData] Sparse file: base read failed (keeping zeros): fileID=448666775060480, offset=52428800, length=10485760, err=failed to read chunk 5: open /media/nvme/.zima_encrypted_folders/443642359578624/3C3/82BD3F6C9630A3C3/448666775060481_5: no such file or directory
Jan 29 12:01:37 ZimaCube77 icewhale-files[25546]: [2026-01-29 12:01:37.420] [VFS DEBUG] [Journal flushLargeFileChunked] Processed chunk 5: original=10485760, processed=10485788, kind=0x3
Jan 29 12:01:37 ZimaCube77 icewhale-files[25546]: [2026-01-29 12:01:37.432] [VFS DEBUG] [Journal flushLargeFileChunked] Wrote chunk 5: offset=52428800, length=10485788
Jan 29 12:01:37 ZimaCube77 icewhale-files[25546]: [2026-01-29 12:01:37.434] [VFS DEBUG] [Journal generateChunkData] Sparse file: base read failed (keeping zeros): fileID=448666775060480, offset=62914560, length=10485760, err=failed to read chunk 6: open /media/nvme/.zima_encrypted_folders/443642359578624/501/E55402F05EF5F501/448666775060481_6: no such file or directory
Jan 29 12:01:37 ZimaCube77 icewhale-files[25546]: [2026-01-29 12:01:37.439] [VFS DEBUG] [Journal flushLargeFileChunked] Processed chunk 6: original=10485760, processed=10485788, kind=0x3
Jan 29 12:01:37 ZimaCube77 icewhale-files[25546]: [2026-01-29 12:01:37.450] [VFS DEBUG] [Journal flushLargeFileChunked] Wrote chunk 6: offset=62914560, length=10485788
Jan 29 12:01:37 ZimaCube77 icewhale-files[25546]: [2026-01-29 12:01:37.490] [VFS DEBUG] [Journal Flush] ERROR: Failed after 145.309991ms: fileID=448666775060480, error=failed to read unmodified base chunk 7 from dataID=448666775060481 (fileID=448666775060480, baseSize=251145559, chunkOffset=73400320, chunkLength=10485760): open /media/nvme/.zima_encrypted_folders/443642359578624/DB5/3615545379DC2DB5/448666775060481_7: no such file or directory
Jan 29 12:01:37 ZimaCube77 icewhale-files[25546]: [2026-01-29 12:01:37.490] [VFS DEBUG] [VFS flushJournal] ERROR: Failed to flush journal: failed to read unmodified base chunk 7 from dataID=448666775060481 (fileID=448666775060480, baseSize=251145559, chunkOffset=73400320, chunkLength=10485760): open /media/nvme/.zima_encrypted_folders/443642359578624/DB5/3615545379DC2DB5/448666775060481_7: no such file or directory
Jan 29 12:01:37 ZimaCube77 icewhale-files[25546]: [2026-01-29 12:01:37.490] [VFS DEBUG] [VFS RandomAccessor Flush] ⚠️ Journal not flushed: fileID=448666775060480, versionID=0, will try other paths
Jan 29 12:01:37 ZimaCube77 icewhale-files[25546]: [2026-01-29 12:01:37.490] [VFS DEBUG] [VFS RandomAccessor Flush] Got fileObj from cache after ChunkedFileWriter flush (non-tmp): fileID=448666775060480, dataID=448666775060481, size=251145559
Jan 29 12:01:37 ZimaCube77 icewhale-files[25546]: [2026-01-29 12:01:37.490] [VFS DEBUG] [VFS RandomAccessor Flush] Buffer stats: fileID=448666775060480, writeIndex=0, totalSize=0
Jan 29 12:01:37 ZimaCube77 icewhale-files[25546]: [2026-01-29 12:01:37.490] [VFS DEBUG] [VFS RandomAccessor Flush] No pending writes: fileID=448666775060480, writeIndex=0, totalSize=0
Jan 29 12:01:37 ZimaCube77 icewhale-files[25546]: [2026-01-29 12:01:37.490] [VFS DEBUG] [VFS Flush] Got updated object from RandomAccessor cache: fileID=448666775060480, size=251145559, dataID=448666775060481, mtime=1769659294
Jan 29 12:01:37 ZimaCube77 icewhale-files[25546]: [2026-01-29 12:01:37.490] [VFS DEBUG] [VFS Flush] Updated file object cache: fileID=448666775060480, size=251145559, dataID=448666775060481, mtime=1769659294
Jan 29 12:01:37 ZimaCube77 icewhale-files[25546]: [2026-01-29 12:01:37.490] [VFS DEBUG] [VFS invalidateDirListCache] Invalidated directory cache: dirID=443666862702592
Jan 29 12:01:37 ZimaCube77 icewhale-files[25546]: [2026-01-29 12:01:37.490] [VFS DEBUG] [VFS Flush] Updated directory listing cache after flush: fileID=448666775060480, dirID=443666862702592, name=zimabroad2-0422-sub-fianl-2k.m4v, size=251145559
Jan 29 12:01:37 ZimaCube77 icewhale-files[25546]: [2026-01-29 12:01:37.490] [VFS DEBUG] [VFS Flush] Successfully flushed file: fileID=448666775060480, versionID=0, finalSize=251145559, dataID=448666775060481, mtime=1769659294
Jan 29 12:01:37 ZimaCube77 icewhale-files[25546]: [2026-01-29 12:01:37.491] [VFS DEBUG] [VFS Release] Entry: objID=448666775060480, FileHandle=i448666775060480 g0 (reg):
Jan 29 12:01:37 ZimaCube77 icewhale-files[25546]: [2026-01-29 12:01:37.491] [VFS DEBUG] [VFS releaseImpl] Entry: objID=448666775060480
Jan 29 12:01:37 ZimaCube77 icewhale-files[25546]: [2026-01-29 12:01:37.491] [VFS DEBUG] [VFS getObj] ✅ Found in global cache: objID=448666775060480, type=2 (FILE=2, DIR=1), name=zimabroad2-0422-sub-fianl-2k.m4v, PID=443666862702592, size=251145559, DataID=448666775060481, mtime=1769659294
Jan 29 12:01:37 ZimaCube77 icewhale-files[25546]: [2026-01-29 12:01:37.491] [VFS DEBUG] [VFS Release] Releasing file: fileID=448666775060480, currentSize=251145559, isTmpFile=false
Jan 29 12:01:37 ZimaCube77 icewhale-files[25546]: [2026-01-29 12:01:37.491] [VFS DEBUG] [VFS RandomAccessor Flush] Starting flush: fileID=448666775060480, force=true
Jan 29 12:01:37 ZimaCube77 icewhale-files[25546]: [2026-01-29 12:01:37.491] [VFS DEBUG] [VFS RandomAccessor Flush] 🔍 Checking journal flush path: fileID=448666775060480, force=true
Jan 29 12:01:37 ZimaCube77 icewhale-files[25546]: [2026-01-29 12:01:37.491] [VFS DEBUG] [VFS flushJournal] Journal is dirty, proceeding to flush: fileID=448666775060480, isSparse=true, virtualSize=251145559
Jan 29 12:01:37 ZimaCube77 icewhale-files[25546]: [2026-01-29 12:01:37.491] [VFS DEBUG] [VFS flushJournal] Flushing journal: fileID=448666775060480
Jan 29 12:01:37 ZimaCube77 icewhale-files[25546]: [2026-01-29 12:01:37.491] [VFS DEBUG] [VFS flushJournal] Checking journal sparse properties: fileID=448666775060480, journal.isSparse=true, journal.virtualSize=251145559
Jan 29 12:01:37 ZimaCube77 icewhale-files[25546]: [2026-01-29 12:01:37.491] [VFS DEBUG] [VFS flushJournal] Sparse file detected: fileID=448666775060480, virtualSize=251145559
Jan 29 12:01:37 ZimaCube77 icewhale-files[25546]: [2026-01-29 12:01:37.491] [VFS DEBUG] [Journal Flush] Starting flush: fileID=448666775060480, entries=1, baseDataID=448666775060481, baseSize=251145559
Jan 29 12:01:37 ZimaCube77 icewhale-files[25546]: [2026-01-29 12:01:37.491] [VFS DEBUG] [Journal flushLargeFile] fileID=448666775060480, baseSize=251145559, modifiedBytes=51904512, ratio=20.67%
Jan 29 12:01:37 ZimaCube77 icewhale-files[25546]: [2026-01-29 12:01:37.491] [VFS DEBUG] [Journal flushLargeFile] Using chunked COW flush strategy
Jan 29 12:01:37 ZimaCube77 icewhale-files[25546]: [2026-01-29 12:01:37.491] [VFS DEBUG] [Journal flushLargeFileChunked] fileID=448666775060480, totalChunks=24, modifiedChunks=5 (20.8%)
Jan 29 12:01:37 ZimaCube77 icewhale-files[25546]: [2026-01-29 12:01:37.491] [VFS DEBUG] [Journal flushLargeFileChunked] Processing config: needsCompress=false, needsEncrypt=true, processKind=0x3, endecKey length=32
Jan 29 12:01:37 ZimaCube77 icewhale-files[25546]: [2026-01-29 12:01:37.492] [VFS DEBUG] [Journal generateChunkData] Sparse file: base read failed (keeping zeros): fileID=448666775060480, offset=20971520, length=10485760, err=failed to read chunk 2: open /media/nvme/.zima_encrypted_folders/443642359578624/BFF/A918612BD2ED4BFF/448666775060481_2: no such file or directory
Jan 29 12:01:37 ZimaCube77 icewhale-files[25546]: [2026-01-29 12:01:37.497] [VFS DEBUG] [Journal flushLargeFileChunked] Processed chunk 2: original=10485760, processed=10485788, kind=0x3
Jan 29 12:01:37 ZimaCube77 icewhale-files[25546]: [2026-01-29 12:01:37.509] [VFS DEBUG] [Journal flushLargeFileChunked] Wrote chunk 2: offset=20971520, length=10485788
Jan 29 12:01:37 ZimaCube77 icewhale-files[25546]: [2026-01-29 12:01:37.510] [VFS DEBUG] [Journal generateChunkData] Sparse file: base read failed (keeping zeros): fileID=448666775060480, offset=31457280, length=10485760, err=failed to read chunk 3: open /media/nvme/.zima_encrypted_folders/443642359578624/487/A780D2111D937487/448666775060481_3: no such file or directory
Jan 29 12:01:37 ZimaCube77 icewhale-files[25546]: [2026-01-29 12:01:37.515] [VFS DEBUG] [Journal flushLargeFileChunked] Processed chunk 3: original=10485760, processed=10485788, kind=0x3
Jan 29 12:01:37 ZimaCube77 icewhale-files[25546]: [2026-01-29 12:01:37.526] [VFS DEBUG] [Journal flushLargeFileChunked] Wrote chunk 3: offset=31457280, length=10485788
Jan 29 12:01:37 ZimaCube77 icewhale-files[25546]: [2026-01-29 12:01:37.527] [VFS DEBUG] [Journal generateChunkData] Sparse file: base read failed (keeping zeros): fileID=448666775060480, offset=41943040, length=10485760, err=failed to read chunk 4: open /media/nvme/.zima_encrypted_folders/443642359578624/F90/E5964AB69FEB4F90/448666775060481_4: no such file or directory
Jan 29 12:01:37 ZimaCube77 icewhale-files[25546]: [2026-01-29 12:01:37.532] [VFS DEBUG] [Journal flushLargeFileChunked] Processed chunk 4: original=10485760, processed=10485788, kind=0x3
Jan 29 12:01:37 ZimaCube77 icewhale-files[25546]: [2026-01-29 12:01:37.547] [VFS DEBUG] [Journal flushLargeFileChunked] Wrote chunk 4: offset=41943040, length=10485788
Jan 29 12:01:37 ZimaCube77 icewhale-files[25546]: [2026-01-29 12:01:37.549] [VFS DEBUG] [Journal generateChunkData] Sparse file: base read failed (keeping zeros): fileID=448666775060480, offset=52428800, length=10485760, err=failed to read chunk 5: open /media/nvme/.zima_encrypted_folders/443642359578624/3C3/82BD3F6C9630A3C3/448666775060481_5: no such file or directory
Jan 29 12:01:37 ZimaCube77 icewhale-files[25546]: [2026-01-29 12:01:37.554] [VFS DEBUG] [Journal flushLargeFileChunked] Processed chunk 5: original=10485760, processed=10485788, kind=0x3
Jan 29 12:01:37 ZimaCube77 icewhale-files[25546]: [2026-01-29 12:01:37.566] [VFS DEBUG] [Journal flushLargeFileChunked] Wrote chunk 5: offset=52428800, length=10485788
Jan 29 12:01:37 ZimaCube77 icewhale-files[25546]: [2026-01-29 12:01:37.567] [VFS DEBUG] [Journal generateChunkData] Sparse file: base read failed (keeping zeros): fileID=448666775060480, offset=62914560, length=10485760, err=failed to read chunk 6: open /media/nvme/.zima_encrypted_folders/443642359578624/501/E55402F05EF5F501/448666775060481_6: no such file or directory
Jan 29 12:01:37 ZimaCube77 icewhale-files[25546]: [2026-01-29 12:01:37.572] [VFS DEBUG] [Journal flushLargeFileChunked] Processed chunk 6: original=10485760, processed=10485788, kind=0x3
Jan 29 12:01:37 ZimaCube77 icewhale-files[25546]: [2026-01-29 12:01:37.584] [VFS DEBUG] [Journal flushLargeFileChunked] Wrote chunk 6: offset=62914560, length=10485788
Jan 29 12:01:37 ZimaCube77 icewhale-files[25546]: [2026-01-29 12:01:37.622] [VFS DEBUG] [Journal Flush] ERROR: Failed after 131.261267ms: fileID=448666775060480, error=failed to read unmodified base chunk 7 from dataID=448666775060481 (fileID=448666775060480, baseSize=251145559, chunkOffset=73400320, chunkLength=10485760): open /media/nvme/.zima_encrypted_folders/443642359578624/DB5/3615545379DC2DB5/448666775060481_7: no such file or directory
Jan 29 12:01:37 ZimaCube77 icewhale-files[25546]: [2026-01-29 12:01:37.622] [VFS DEBUG] [VFS flushJournal] ERROR: Failed to flush journal: failed to read unmodified base chunk 7 from dataID=448666775060481 (fileID=448666775060480, baseSize=251145559, chunkOffset=73400320, chunkLength=10485760): open /media/nvme/.zima_encrypted_folders/443642359578624/DB5/3615545379DC2DB5/448666775060481_7: no such file or directory
Jan 29 12:01:37 ZimaCube77 icewhale-files[25546]: [2026-01-29 12:01:37.622] [VFS DEBUG] [VFS RandomAccessor Flush] ⚠️ Journal not flushed: fileID=448666775060480, versionID=0, will try other paths
Jan 29 12:01:37 ZimaCube77 icewhale-files[25546]: [2026-01-29 12:01:37.622] [VFS DEBUG] [VFS RandomAccessor Flush] Got fileObj from cache after ChunkedFileWriter flush (non-tmp): fileID=448666775060480, dataID=448666775060481, size=251145559
Jan 29 12:01:37 ZimaCube77 icewhale-files[25546]: [2026-01-29 12:01:37.622] [VFS DEBUG] [VFS RandomAccessor Flush] Buffer stats: fileID=448666775060480, writeIndex=0, totalSize=0
Jan 29 12:01:37 ZimaCube77 icewhale-files[25546]: [2026-01-29 12:01:37.622] [VFS DEBUG] [VFS RandomAccessor Flush] No pending writes: fileID=448666775060480, writeIndex=0, totalSize=0
Jan 29 12:01:37 ZimaCube77 icewhale-files[25546]: [2026-01-29 12:01:37.622] [VFS DEBUG] [VFS Release] Flushed during release: fileID=448666775060480, versionID=0
Jan 29 12:01:37 ZimaCube77 icewhale-files[25546]: [2026-01-29 12:01:37.622] [VFS DEBUG] [VFS Release] Got updated object from RandomAccessor cache before close: fileID=448666775060480, size=251145559, dataID=448666775060481, mtime=1769659294
Jan 29 12:01:37 ZimaCube77 icewhale-files[25546]: [2026-01-29 12:01:37.622] [VFS DEBUG] [VFS RandomAccessor Close] Starting Close: fileID=448666775060480
Jan 29 12:01:37 ZimaCube77 icewhale-files[25546]: [2026-01-29 12:01:37.622] [VFS DEBUG] [VFS RandomAccessor Close] Sparse file fully written (size=251145559 >= sparseSize=251145559), clearing sparse file flag: fileID=448666775060480
Jan 29 12:01:37 ZimaCube77 icewhale-files[25546]: [2026-01-29 12:01:37.622] [VFS DEBUG] [VFS RandomAccessor Close] Completed ChunkedFileWriter flush for sparse file: fileID=448666775060480
Jan 29 12:01:37 ZimaCube77 icewhale-files[25546]: [2026-01-29 12:01:37.622] [VFS DEBUG] [VFS closeJournal] Journal has uncommitted changes, flushing: fileID=448666775060480
Jan 29 12:01:37 ZimaCube77 icewhale-files[25546]: [2026-01-29 12:01:37.622] [VFS DEBUG] [VFS flushJournal] No journal: fileID=448666775060480
Jan 29 12:01:37 ZimaCube77 icewhale-files[25546]: [2026-01-29 12:01:37.622] [VFS DEBUG] [VFS closeJournal] WARNING: Failed to flush journal
Jan 29 12:01:37 ZimaCube77 icewhale-files[25546]: [2026-01-29 12:01:37.622] [VFS DEBUG] [VFS RandomAccessor Close] WARNING: Failed to close journal: failed to flush journal
Jan 29 12:01:37 ZimaCube77 icewhale-files[25546]: [2026-01-29 12:01:37.622] [VFS DEBUG] [VFS RandomAccessor Close] Saved dataID before ForceFlush(): fileID=448666775060480, dataID=448666775060481
Jan 29 12:01:37 ZimaCube77 icewhale-files[25546]: [2026-01-29 12:01:37.622] [VFS DEBUG] [VFS RandomAccessor Close] Calling ForceFlush: fileID=448666775060480
Jan 29 12:01:37 ZimaCube77 icewhale-files[25546]: [2026-01-29 12:01:37.622] [VFS DEBUG] [VFS RandomAccessor Flush] Starting flush: fileID=448666775060480, force=true
Jan 29 12:01:37 ZimaCube77 icewhale-files[25546]: [2026-01-29 12:01:37.622] [VFS DEBUG] [VFS RandomAccessor Flush] 🔍 Checking journal flush path: fileID=448666775060480, force=true
Jan 29 12:01:37 ZimaCube77 icewhale-files[25546]: [2026-01-29 12:01:37.622] [VFS DEBUG] [VFS flushJournal] No journal: fileID=448666775060480
Jan 29 12:01:37 ZimaCube77 icewhale-files[25546]: [2026-01-29 12:01:37.622] [VFS DEBUG] [VFS RandomAccessor Flush] ⚠️ Journal not flushed: fileID=448666775060480, versionID=0, will try other paths
Jan 29 12:01:37 ZimaCube77 icewhale-files[25546]: [2026-01-29 12:01:37.622] [VFS DEBUG] [VFS RandomAccessor Flush] Got fileObj from cache after ChunkedFileWriter flush (non-tmp): fileID=448666775060480, dataID=448666775060481, size=251145559
Jan 29 12:01:37 ZimaCube77 icewhale-files[25546]: [2026-01-29 12:01:37.622] [VFS DEBUG] [VFS RandomAccessor Flush] Buffer stats: fileID=448666775060480, writeIndex=0, totalSize=0
Jan 29 12:01:37 ZimaCube77 icewhale-files[25546]: [2026-01-29 12:01:37.622] [VFS DEBUG] [VFS RandomAccessor Flush] No pending writes: fileID=448666775060480, writeIndex=0, totalSize=0
Jan 29 12:01:37 ZimaCube77 icewhale-files[25546]: [2026-01-29 12:01:37.622] [VFS DEBUG] [VFS RandomAccessor Close] ForceFlush completed: fileID=448666775060480
Jan 29 12:01:37 ZimaCube77 icewhale-files[25546]: [2026-01-29 12:01:37.622] [VFS DEBUG] [VFS RandomAccessor Close] Final file object after flush: fileID=448666775060480, DataID=448666775060481, Size=251145559
Jan 29 12:01:37 ZimaCube77 icewhale-files[25546]: [2026-01-29 12:01:37.622] [VFS DEBUG] [VFS RandomAccessor Close] Removed from decodingReaderCache: fileID=448666775060480, dataID=448666775060481
Jan 29 12:01:37 ZimaCube77 icewhale-files[25546]: [2026-01-29 12:01:37.622] [VFS DEBUG] [VFS Release] Updated file object cache: fileID=448666775060480, size=251145559, dataID=448666775060481, mtime=1769659294
Jan 29 12:01:37 ZimaCube77 icewhale-files[25546]: [2026-01-29 12:01:37.622] [VFS DEBUG] [VFS invalidateDirListCache] Invalidated directory cache: dirID=443666862702592
Jan 29 12:01:37 ZimaCube77 icewhale-files[25546]: [2026-01-29 12:01:37.622] [VFS DEBUG] [VFS Release] Updated directory listing cache after release: fileID=448666775060480, dirID=443666862702592, name=zimabroad2-0422-sub-fianl-2k.m4v, size=251145559
Jan 29 12:01:37 ZimaCube77 icewhale-files[25546]: [2026-01-29 12:01:37.622] [VFS DEBUG] [VFS Release] Successfully released file: fileID=448666775060480, finalSize=251145559, dataID=448666775060481, mtime=1769659294
Jan 29 12:01:42 ZimaCube77 icewhale-files[25546]: [2026-01-29 12:01:42.816] [VFS DEBUG] [AtomicReplaceMgr] Processing 1 expired deletions
Jan 29 12:01:42 ZimaCube77 icewhale-files[25546]: [2026-01-29 12:01:42.816] [VFS DEBUG] [AtomicReplaceMgr] Executing deletion: fileID=448652929662976, name=zimabroad2-0422-sub-fianl-2k.m4v, versions=0
Jan 29 12:01:42 ZimaCube77 icewhale-files[25546]: [2026-01-29 12:01:42.862] [VFS DEBUG] [AtomicReplaceMgr] Deletion completed: fileID=448652929662976