Jan 21 13:28:15 ZimaCube77 icewhale-files[5230]: [2026-01-21 13:28:15.701] [VFS DEBUG] [VFS Create] Entry: name=1920 x 1080 HD Wallpapers 702.jpg, parentID=445787972567040, flags=0x288c2, mode=0100766
Jan 21 13:28:15 ZimaCube77 icewhale-files[5230]: [2026-01-21 13:28:15.701] [VFS DEBUG] [VFS Create] O_LARGEFILE flag set: name=1920 x 1080 HD Wallpapers 702.jpg, parentID=445787972567040, flags=0x288c2
Jan 21 13:28:15 ZimaCube77 icewhale-files[5230]: [2026-01-21 13:28:15.701] [VFS DEBUG] [VFS Create] Creating file: name=1920 x 1080 HD Wallpapers 702.jpg, parentID=445787972567040, flags=0x288c2 (O_LARGEFILE=0x8000), mode=0100766
Jan 21 13:28:15 ZimaCube77 icewhale-files[5230]: [2026-01-21 13:28:15.707] [VFS DEBUG] [VFS Create] Successfully created file: name=1920 x 1080 HD Wallpapers 702.jpg, fileID=445789486710786, parentID=445787972567040
Jan 21 13:28:15 ZimaCube77 icewhale-files[5230]: [2026-01-21 13:28:15.707] [VFS DEBUG] [VFS invalidateDirListCache] Invalidated directory cache: dirID=445787972567040
Jan 21 13:28:15 ZimaCube77 icewhale-files[5230]: [2026-01-21 13:28:15.708] [VFS DEBUG] [VFS getObj] Found in global cache: objID=445787972567040, type=1 (FILE=2, DIR=1), name=4000 pics, PID=445787792211968, size=0
Jan 21 13:28:15 ZimaCube77 icewhale-files[5230]: [2026-01-21 13:28:15.708] [VFS DEBUG] [VFS Setattr] Entry: objID=445789486710786, valid=0x1, FileHandle=<nil>
Jan 21 13:28:15 ZimaCube77 icewhale-files[5230]: [2026-01-21 13:28:15.708] [VFS DEBUG] [VFS Setattr] Setting file mode: objID=445789486710786, oldMode=0100766, newMode=0100766, oldModeField=502
Jan 21 13:28:15 ZimaCube77 icewhale-files[5230]: [2026-01-21 13:28:15.708] [VFS DEBUG] [VFS Setattr] Mode updated: objID=445789486710786, newModeField=502
Jan 21 13:28:15 ZimaCube77 icewhale-files[5230]: [2026-01-21 13:28:15.709] [VFS DEBUG] [VFS Setattr] Successfully updated object in database: objID=445789486710786, mode=502, mtime=1768973295
Jan 21 13:28:15 ZimaCube77 icewhale-files[5230]: [2026-01-21 13:28:15.709] [VFS DEBUG] [VFS Setattr] Updated file object cache: objID=445789486710786
Jan 21 13:28:15 ZimaCube77 icewhale-files[5230]: [2026-01-21 13:28:15.709] [VFS DEBUG] [VFS Setattr] Updated local object cache: objID=445789486710786
Jan 21 13:28:15 ZimaCube77 icewhale-files[5230]: [2026-01-21 13:28:15.709] [VFS DEBUG] [VFS Setattr] Invalidated parent directory listing cache: objID=445789486710786, parentID=445787972567040
Jan 21 13:28:15 ZimaCube77 icewhale-files[5230]: [2026-01-21 13:28:15.709] [VFS DEBUG] [VFS Setattr] Successfully completed: objID=445789486710786, mode=0100766, size=0, mtime=1768973295
Jan 21 13:28:15 ZimaCube77 icewhale-files[5230]: [2026-01-21 13:28:15.743] [VFS DEBUG] [VFS Opendir] Entry: objID=445787792211968
Jan 21 13:28:15 ZimaCube77 icewhale-files[5230]: [2026-01-21 13:28:15.743] [VFS DEBUG] [VFS Opendir] Allowing directory open: objID=445787792211968
Jan 21 13:28:15 ZimaCube77 icewhale-files[5230]: [2026-01-21 13:28:15.758] [VFS DEBUG] [VFS Statfs] Entry: objID=443642359578624, bktID=443642359578624
Jan 21 13:28:15 ZimaCube77 icewhale-files[5230]: [2026-01-21 13:28:15.758] [VFS DEBUG] [VFS Statfs] Cache hit: bktID=443642359578624, returning cached statfs
Jan 21 13:28:15 ZimaCube77 icewhale-files[5230]: [2026-01-21 13:28:15.775] [VFS DEBUG] [VFS Write] Write called: objID=445789486710786, offset=0, size=387006
Jan 21 13:28:15 ZimaCube77 icewhale-files[5230]: [2026-01-21 13:28:15.775] [VFS DEBUG] [VFS getObj] Found in global cache: objID=445789486710786, type=2 (FILE=2, DIR=1), name=1920 x 1080 HD Wallpapers 702.jpg, PID=445787972567040, size=0
Jan 21 13:28:15 ZimaCube77 icewhale-files[5230]: [2026-01-21 13:28:15.775] [VFS DEBUG] [VFS Write] Object info: objID=445789486710786, type=2 (FILE=2, DIR=1), name=1920 x 1080 HD Wallpapers 702.jpg, PID=445787972567040
Jan 21 13:28:15 ZimaCube77 icewhale-files[5230]: [2026-01-21 13:28:15.775] [VFS DEBUG] [VFS NewRandomAccessor] Created RandomAccessor: fileID=445789486710786, fileName=1920 x 1080 HD Wallpapers 702.jpg, isTmpFile=false
Jan 21 13:28:15 ZimaCube77 icewhale-files[5230]: [2026-01-21 13:28:15.775] [VFS DEBUG] [VFS getRandomAccessor] Registering RandomAccessor: fileID=445789486710786
Jan 21 13:28:15 ZimaCube77 icewhale-files[5230]: [2026-01-21 13:28:15.775] [VFS DEBUG] [VFS RA Registry] Registered RandomAccessor: fileID=445789486710786, ra=0xc7209c9380
Jan 21 13:28:15 ZimaCube77 icewhale-files[5230]: [2026-01-21 13:28:15.775] [VFS DEBUG] [VFS Write] Writing data: fileID=445789486710786, offset=0, size=387006
Jan 21 13:28:15 ZimaCube77 icewhale-files[5230]: [2026-01-21 13:28:15.775] [VFS DEBUG] [VFS shouldUseJournal] First write after truncate, preferring sequential buffer: fileID=445789486710786
Jan 21 13:28:15 ZimaCube77 icewhale-files[5230]: [2026-01-21 13:28:15.775] [VFS DEBUG] [VFS initSequentialBufferWithNewData] FS config: fileID=445789486710786, bktID=443642359578624, CmprWay=0x0, EndecWay=0x2
Jan 21 13:28:15 ZimaCube77 icewhale-files[5230]: [2026-01-21 13:28:15.775] [VFS DEBUG] [VFS initSequentialBufferWithNewData] Set encryption flag: fileID=445789486710786, EndecWay=0x2, Kind=0x2
Jan 21 13:28:15 ZimaCube77 icewhale-files[5230]: [2026-01-21 13:28:15.775] [VFS DEBUG] [VFS initSequentialBufferWithNewData] Final DataInfo Kind: fileID=445789486710786, Kind=0x2
Jan 21 13:28:15 ZimaCube77 icewhale-files[5230]: [2026-01-21 13:28:15.776] [VFS DEBUG] [VFS initSequentialBufferWithNewData] Created new DataID and updated DB: fileID=445789486710786, oldDataID=0, newDataID=445789486710787, size=0
Jan 21 13:28:15 ZimaCube77 icewhale-files[5230]: [2026-01-21 13:28:15.776] [VFS DEBUG] [VFS Write] Successfully wrote data: fileID=445789486710786, offset=0, size=387006, written=387006
Jan 21 13:28:15 ZimaCube77 icewhale-files[5230]: [2026-01-21 13:28:15.779] [VFS DEBUG] [VFS getObj] Found in global cache: objID=445789486710786, type=2 (FILE=2, DIR=1), name=1920 x 1080 HD Wallpapers 702.jpg, PID=445787972567040, size=0
Jan 21 13:28:15 ZimaCube77 icewhale-files[5230]: [2026-01-21 13:28:15.785] [VFS DEBUG] [VFS Fsync] Entry: objID=445789486710786, FileHandle=i445789486710786 g0 (reg): , flags=0x0
Jan 21 13:28:15 ZimaCube77 icewhale-files[5230]: [2026-01-21 13:28:15.786] [VFS DEBUG] [VFS fsyncImpl] Entry: objID=445789486710786, flags=0x0
Jan 21 13:28:15 ZimaCube77 icewhale-files[5230]: [2026-01-21 13:28:15.786] [VFS DEBUG] [VFS Flush] Entry: objID=445789486710786, FileHandle=<nil>
Jan 21 13:28:15 ZimaCube77 icewhale-files[5230]: [2026-01-21 13:28:15.786] [VFS DEBUG] [VFS flushImpl] Entry: objID=445789486710786
Jan 21 13:28:15 ZimaCube77 icewhale-files[5230]: [2026-01-21 13:28:15.786] [VFS DEBUG] [VFS Flush] Flushing file: fileID=445789486710786, currentSize=0
Jan 21 13:28:15 ZimaCube77 icewhale-files[5230]: [2026-01-21 13:28:15.786] [VFS DEBUG] [VFS RandomAccessor Flush] Starting flush: fileID=445789486710786, force=false
Jan 21 13:28:15 ZimaCube77 icewhale-files[5230]: [2026-01-21 13:28:15.786] [VFS DEBUG] [VFS RandomAccessor Flush] 🔍 Checking journal flush path: fileID=445789486710786, force=false
Jan 21 13:28:15 ZimaCube77 icewhale-files[5230]: [2026-01-21 13:28:15.786] [VFS DEBUG] [VFS flushJournal] No journal: fileID=445789486710786
Jan 21 13:28:15 ZimaCube77 icewhale-files[5230]: [2026-01-21 13:28:15.786] [VFS DEBUG] [VFS RandomAccessor Flush] ⚠️ Journal not flushed: fileID=445789486710786, versionID=0, will try other paths
Jan 21 13:28:15 ZimaCube77 icewhale-files[5230]: [2026-01-21 13:28:15.786] [VFS DEBUG] [VFS RandomAccessor Flush] Got fileObj from cache after ChunkedFileWriter flush (non-tmp): fileID=445789486710786, dataID=445789486710787, size=0
Jan 21 13:28:15 ZimaCube77 icewhale-files[5230]: [2026-01-21 13:28:15.786] [VFS DEBUG] [VFS RandomAccessor Flush] Flushing sequential buffer: fileID=445789486710786, dataID=445789486710787, sn=0, bufferSize=387006
Jan 21 13:28:15 ZimaCube77 icewhale-files[5230]: [2026-01-21 13:28:15.786] [VFS DEBUG] [VFS flushSequentialBuffer] Checking instant upload eligibility: fileID=445789486710786, totalSize=387006 (OrigSize=0 + bufferSize=387006), sn=0
Jan 21 13:28:15 ZimaCube77 icewhale-files[5230]: [2026-01-21 13:28:15.786] [VFS DEBUG] [VFS flushSequentialChunk] Original chunk: fileID=445789486710786, chunk=387006, OrigSize=387006, Kind=0x2 (CMPR=false, ENDEC=true)
Jan 21 13:28:15 ZimaCube77 icewhale-files[5230]: [2026-01-21 13:28:15.786] [VFS DEBUG] [VFS flushSequentialChunk] Chunk sizes: fileID=445789486710786, original=387006, encoded=387034, Kind=0x2
Jan 21 13:28:15 ZimaCube77 icewhale-files[5230]: [2026-01-21 13:28:15.786] [VFS DEBUG] [VFS flushSequentialChunk] Updated Size: fileID=445789486710786, Size=387034, OrigSize=387006 (CMPR=false, ENDEC=true)
Jan 21 13:28:15 ZimaCube77 icewhale-files[5230]: [2026-01-21 13:28:15.786] [VFS DEBUG] [VFS flushSequentialChunk] Writing chunk: fileID=445789486710786, dataID=445789486710787, sn=0, size=387034
Jan 21 13:28:15 ZimaCube77 icewhale-files[5230]: [2026-01-21 13:28:15.802] [VFS DEBUG] [VFS flushSequentialChunk] Successfully wrote chunk: fileID=445789486710786, dataID=445789486710787, sn=0, size=387034
Jan 21 13:28:15 ZimaCube77 icewhale-files[5230]: [2026-01-21 13:28:15.802] [VFS DEBUG] [VFS flushSequentialBuffer] Final DataInfo before update: fileID=445789486710786, OrigSize=387006, Size=387034, Kind=0x2 (CMPR=false, ENDEC=true)
Jan 21 13:28:15 ZimaCube77 icewhale-files[5230]: [2026-01-21 13:28:15.802] [VFS DEBUG] [VFS flushSequentialBuffer] Has compression/encryption, Size already set: fileID=445789486710786, OrigSize=387006, Size=387034
Jan 21 13:28:15 ZimaCube77 icewhale-files[5230]: [2026-01-21 13:28:15.802] [VFS DEBUG] [VFS flushSequentialBuffer] Writing DataInfo, version object, and file object to disk: fileID=445789486710786, dataID=445789486710787, size=387006, versionID=445789486710788, chunkSize=10485760
Jan 21 13:28:15 ZimaCube77 icewhale-files[5230]: [2026-01-21 13:28:15.802] [VFS DEBUG] [VFS flushSequentialBuffer] Successfully wrote DataInfo, version object, and file object to disk: fileID=445789486710786, dataID=445789486710787, size=387006, versionID=445789486710788
Jan 21 13:28:15 ZimaCube77 icewhale-files[5230]: [2026-01-21 13:28:15.802] [VFS DEBUG] [VFS invalidateDirListCache] Invalidated directory cache: dirID=445787972567040
Jan 21 13:28:15 ZimaCube77 icewhale-files[5230]: [2026-01-21 13:28:15.802] [VFS DEBUG] [VFS flushSequentialBuffer] Appended file to directory listing cache after sync flush: fileID=445789486710786, dirID=445787972567040, name=1920 x 1080 HD Wallpapers 702.jpg
Jan 21 13:28:15 ZimaCube77 icewhale-files[5230]: [2026-01-21 13:28:15.802] [VFS DEBUG] [VFS flushSequentialBuffer] Successfully flushed sequential buffer: fileID=445789486710786, dataID=445789486710787, size=387006, versionID=445789486710788
Jan 21 13:28:15 ZimaCube77 icewhale-files[5230]: [2026-01-21 13:28:15.802] [VFS DEBUG] [VFS RandomAccessor Flush] Sequential flush completed: fileID=445789486710786, dataID=445789486710787, size=387006
Jan 21 13:28:15 ZimaCube77 icewhale-files[5230]: [2026-01-21 13:28:15.802] [VFS DEBUG] [VFS RandomAccessor Flush] Verified file object cache after sequential flush: fileID=445789486710786, size=387006, dataID=445789486710787, mtime=1768973295
Jan 21 13:28:15 ZimaCube77 icewhale-files[5230]: [2026-01-21 13:28:15.802] [VFS DEBUG] [VFS Flush] Got updated object from RandomAccessor cache: fileID=445789486710786, size=387006, dataID=445789486710787, mtime=1768973295
Jan 21 13:28:15 ZimaCube77 icewhale-files[5230]: [2026-01-21 13:28:15.802] [VFS DEBUG] [VFS Flush] Updated file object cache: fileID=445789486710786, size=387006, dataID=445789486710787, mtime=1768973295
Jan 21 13:28:15 ZimaCube77 icewhale-files[5230]: [2026-01-21 13:28:15.802] [VFS DEBUG] [VFS invalidateDirListCache] Invalidated directory cache: dirID=445787972567040
Jan 21 13:28:15 ZimaCube77 icewhale-files[5230]: [2026-01-21 13:28:15.803] [VFS DEBUG] [VFS Flush] Updated directory listing cache after flush: fileID=445789486710786, dirID=445787972567040, name=1920 x 1080 HD Wallpapers 702.jpg, size=387006
Jan 21 13:28:15 ZimaCube77 icewhale-files[5230]: [2026-01-21 13:28:15.803] [VFS DEBUG] [VFS Flush] Successfully flushed file: fileID=445789486710786, versionID=445789486710789, finalSize=387006, dataID=445789486710787, mtime=1768973295
Jan 21 13:28:15 ZimaCube77 icewhale-files[5230]: [2026-01-21 13:28:15.807] [VFS DEBUG] [VFS Setattr] Entry: objID=445789486710786, valid=0x30, FileHandle=<nil>
Jan 21 13:28:15 ZimaCube77 icewhale-files[5230]: [2026-01-21 13:28:15.807] [VFS DEBUG] [VFS getObj] Found in global cache: objID=445789486710786, type=2 (FILE=2, DIR=1), name=1920 x 1080 HD Wallpapers 702.jpg, PID=445787972567040, size=387006
Jan 21 13:28:15 ZimaCube77 icewhale-files[5230]: [2026-01-21 13:28:15.807] [VFS DEBUG] [VFS Setattr] Setting mtime: objID=445789486710786, oldMTime=1768973295, newMTime=1768973296
Jan 21 13:28:15 ZimaCube77 icewhale-files[5230]: [2026-01-21 13:28:15.807] [VFS DEBUG] [VFS Setattr] Setting atime: objID=445789486710786, atime=1768973295
Jan 21 13:28:15 ZimaCube77 icewhale-files[5230]: [2026-01-21 13:28:15.817] [VFS DEBUG] [VFS Setattr] Successfully updated object in database: objID=445789486710786, mode=0, mtime=1768973296
Jan 21 13:28:15 ZimaCube77 icewhale-files[5230]: [2026-01-21 13:28:15.817] [VFS DEBUG] [VFS Setattr] Updated file object cache: objID=445789486710786
Jan 21 13:28:15 ZimaCube77 icewhale-files[5230]: [2026-01-21 13:28:15.817] [VFS DEBUG] [VFS Setattr] Updated local object cache: objID=445789486710786
Jan 21 13:28:15 ZimaCube77 icewhale-files[5230]: [2026-01-21 13:28:15.817] [VFS DEBUG] [VFS Setattr] Invalidated parent directory listing cache: objID=445789486710786, parentID=445787972567040
Jan 21 13:28:15 ZimaCube77 icewhale-files[5230]: [2026-01-21 13:28:15.817] [VFS DEBUG] [VFS Setattr] Successfully completed: objID=445789486710786, mode=0100644, size=387006, mtime=1768973296
Jan 21 13:28:15 ZimaCube77 icewhale-files[5230]: [2026-01-21 13:28:15.822] [VFS DEBUG] [VFS getObj] Found in global cache: objID=445789486710786, type=2 (FILE=2, DIR=1), name=1920 x 1080 HD Wallpapers 702.jpg, PID=445787972567040, size=387006
Jan 21 13:28:15 ZimaCube77 icewhale-files[5230]: [2026-01-21 13:28:15.823] [VFS DEBUG] [VFS Flush] Entry: objID=445789486710786, FileHandle=i445789486710786 g0 (reg):
Jan 21 13:28:15 ZimaCube77 icewhale-files[5230]: [2026-01-21 13:28:15.823] [VFS DEBUG] [VFS flushImpl] Entry: objID=445789486710786
Jan 21 13:28:15 ZimaCube77 icewhale-files[5230]: [2026-01-21 13:28:15.823] [VFS DEBUG] [VFS Flush] Flushing file: fileID=445789486710786, currentSize=387006
Jan 21 13:28:15 ZimaCube77 icewhale-files[5230]: [2026-01-21 13:28:15.823] [VFS DEBUG] [VFS RandomAccessor Flush] Starting flush: fileID=445789486710786, force=false
Jan 21 13:28:15 ZimaCube77 icewhale-files[5230]: [2026-01-21 13:28:15.823] [VFS DEBUG] [VFS RandomAccessor Flush] 🔍 Checking journal flush path: fileID=445789486710786, force=false
Jan 21 13:28:15 ZimaCube77 icewhale-files[5230]: [2026-01-21 13:28:15.823] [VFS DEBUG] [VFS flushJournal] No journal: fileID=445789486710786
Jan 21 13:28:15 ZimaCube77 icewhale-files[5230]: [2026-01-21 13:28:15.823] [VFS DEBUG] [VFS RandomAccessor Flush] ⚠️ Journal not flushed: fileID=445789486710786, versionID=0, will try other paths
Jan 21 13:28:15 ZimaCube77 icewhale-files[5230]: [2026-01-21 13:28:15.823] [VFS DEBUG] [VFS RandomAccessor Flush] Got fileObj from cache after ChunkedFileWriter flush (non-tmp): fileID=445789486710786, dataID=445789486710787, size=387006
Jan 21 13:28:15 ZimaCube77 icewhale-files[5230]: [2026-01-21 13:28:15.823] [VFS DEBUG] [VFS RandomAccessor Flush] Buffer stats: fileID=445789486710786, writeIndex=0, totalSize=0
Jan 21 13:28:15 ZimaCube77 icewhale-files[5230]: [2026-01-21 13:28:15.823] [VFS DEBUG] [VFS RandomAccessor Flush] No pending writes: fileID=445789486710786, writeIndex=0, totalSize=0
Jan 21 13:28:15 ZimaCube77 icewhale-files[5230]: [2026-01-21 13:28:15.823] [VFS DEBUG] [VFS Flush] Got updated object from RandomAccessor cache: fileID=445789486710786, size=387006, dataID=445789486710787, mtime=1768973296
Jan 21 13:28:15 ZimaCube77 icewhale-files[5230]: [2026-01-21 13:28:15.823] [VFS DEBUG] [VFS Flush] Updated file object cache: fileID=445789486710786, size=387006, dataID=445789486710787, mtime=1768973296
Jan 21 13:28:15 ZimaCube77 icewhale-files[5230]: [2026-01-21 13:28:15.823] [VFS DEBUG] [VFS invalidateDirListCache] Invalidated directory cache: dirID=445787972567040
Jan 21 13:28:15 ZimaCube77 icewhale-files[5230]: [2026-01-21 13:28:15.823] [VFS DEBUG] [VFS Flush] Updated directory listing cache after flush: fileID=445789486710786, dirID=445787972567040, name=1920 x 1080 HD Wallpapers 702.jpg, size=387006
Jan 21 13:28:15 ZimaCube77 icewhale-files[5230]: [2026-01-21 13:28:15.823] [VFS DEBUG] [VFS Flush] Successfully flushed file: fileID=445789486710786, versionID=0, finalSize=387006, dataID=445789486710787, mtime=1768973296
Jan 21 13:28:15 ZimaCube77 icewhale-files[5230]: [2026-01-21 13:28:15.823] [VFS DEBUG] [VFS Release] Entry: objID=445789486710786, FileHandle=i445789486710786 g0 (reg):
Jan 21 13:28:15 ZimaCube77 icewhale-files[5230]: [2026-01-21 13:28:15.823] [VFS DEBUG] [VFS releaseImpl] Entry: objID=445789486710786
Jan 21 13:28:15 ZimaCube77 icewhale-files[5230]: [2026-01-21 13:28:15.823] [VFS DEBUG] [VFS Release] Releasing file: fileID=445789486710786, currentSize=387006, isTmpFile=false
Jan 21 13:28:15 ZimaCube77 icewhale-files[5230]: [2026-01-21 13:28:15.823] [VFS DEBUG] [VFS RandomAccessor Flush] Starting flush: fileID=445789486710786, force=true
Jan 21 13:28:15 ZimaCube77 icewhale-files[5230]: [2026-01-21 13:28:15.823] [VFS DEBUG] [VFS RandomAccessor Flush] 🔍 Checking journal flush path: fileID=445789486710786, force=true
Jan 21 13:28:15 ZimaCube77 icewhale-files[5230]: [2026-01-21 13:28:15.823] [VFS DEBUG] [VFS flushJournal] No journal: fileID=445789486710786
Jan 21 13:28:15 ZimaCube77 icewhale-files[5230]: [2026-01-21 13:28:15.823] [VFS DEBUG] [VFS RandomAccessor Flush] ⚠️ Journal not flushed: fileID=445789486710786, versionID=0, will try other paths
Jan 21 13:28:15 ZimaCube77 icewhale-files[5230]: [2026-01-21 13:28:15.823] [VFS DEBUG] [VFS RandomAccessor Flush] Got fileObj from cache after ChunkedFileWriter flush (non-tmp): fileID=445789486710786, dataID=445789486710787, size=387006
Jan 21 13:28:15 ZimaCube77 icewhale-files[5230]: [2026-01-21 13:28:15.823] [VFS DEBUG] [VFS RandomAccessor Flush] Buffer stats: fileID=445789486710786, writeIndex=0, totalSize=0
Jan 21 13:28:15 ZimaCube77 icewhale-files[5230]: [2026-01-21 13:28:15.823] [VFS DEBUG] [VFS RandomAccessor Flush] No pending writes: fileID=445789486710786, writeIndex=0, totalSize=0
Jan 21 13:28:15 ZimaCube77 icewhale-files[5230]: [2026-01-21 13:28:15.823] [VFS DEBUG] [VFS Release] Flushed during release: fileID=445789486710786, versionID=0
Jan 21 13:28:15 ZimaCube77 icewhale-files[5230]: [2026-01-21 13:28:15.823] [VFS DEBUG] [VFS Release] Got updated object from RandomAccessor cache before close: fileID=445789486710786, size=387006, dataID=445789486710787, mtime=1768973296
Jan 21 13:28:15 ZimaCube77 icewhale-files[5230]: [2026-01-21 13:28:15.823] [VFS DEBUG] [VFS RandomAccessor Flush] Starting flush: fileID=445789486710786, force=false
Jan 21 13:28:15 ZimaCube77 icewhale-files[5230]: [2026-01-21 13:28:15.823] [VFS DEBUG] [VFS RandomAccessor Flush] 🔍 Checking journal flush path: fileID=445789486710786, force=false
Jan 21 13:28:15 ZimaCube77 icewhale-files[5230]: [2026-01-21 13:28:15.823] [VFS DEBUG] [VFS flushJournal] No journal: fileID=445789486710786
Jan 21 13:28:15 ZimaCube77 icewhale-files[5230]: [2026-01-21 13:28:15.823] [VFS DEBUG] [VFS RandomAccessor Flush] ⚠️ Journal not flushed: fileID=445789486710786, versionID=0, will try other paths
Jan 21 13:28:15 ZimaCube77 icewhale-files[5230]: [2026-01-21 13:28:15.823] [VFS DEBUG] [VFS RandomAccessor Flush] Got fileObj from cache after ChunkedFileWriter flush (non-tmp): fileID=445789486710786, dataID=445789486710787, size=387006
Jan 21 13:28:15 ZimaCube77 icewhale-files[5230]: [2026-01-21 13:28:15.823] [VFS DEBUG] [VFS RandomAccessor Flush] Buffer stats: fileID=445789486710786, writeIndex=0, totalSize=0
Jan 21 13:28:15 ZimaCube77 icewhale-files[5230]: [2026-01-21 13:28:15.823] [VFS DEBUG] [VFS RandomAccessor Flush] No pending writes: fileID=445789486710786, writeIndex=0, totalSize=0
Jan 21 13:28:15 ZimaCube77 icewhale-files[5230]: [2026-01-21 13:28:15.823] [VFS DEBUG] [VFS Release] Updated file object cache: fileID=445789486710786, size=387006, dataID=445789486710787, mtime=1768973296
Jan 21 13:28:15 ZimaCube77 icewhale-files[5230]: [2026-01-21 13:28:15.823] [VFS DEBUG] [VFS invalidateDirListCache] Invalidated directory cache: dirID=445787972567040
Jan 21 13:28:15 ZimaCube77 icewhale-files[5230]: [2026-01-21 13:28:15.823] [VFS DEBUG] [VFS Release] Updated directory listing cache after release: fileID=445789486710786, dirID=445787972567040, name=1920 x 1080 HD Wallpapers 702.jpg, size=387006
Jan 21 13:28:15 ZimaCube77 icewhale-files[5230]: [2026-01-21 13:28:15.823] [VFS DEBUG] [VFS Release] Successfully released file: fileID=445789486710786, finalSize=387006, dataID=445789486710787, mtime=1768973296
