[2026-01-26 11:58:18.786] [VFS DEBUG] [VFS Create] Entry: name=key.txt, parentID=447679905660928, flags=0x288c2, mode=0100766
[2026-01-26 11:58:18.786] [VFS DEBUG] [VFS Create] O_LARGEFILE flag set: name=key.txt, parentID=447679905660928, flags=0x288c2
[2026-01-26 11:58:18.786] [VFS DEBUG] [VFS Create] Creating file: name=key.txt, parentID=447679905660928, flags=0x288c2 (O_LARGEFILE=0x8000), mode=0100766
[2026-01-26 11:58:18.786] [VFS DEBUG] [AtomicReplaceMgr] Canceled deletion (atomic replace detected): key=446608185491456:447679905660928:key.txt, fileID=447699463700480, versions=0
[2026-01-26 11:58:18.786] [VFS DEBUG] [VFS Create] Detected atomic replace pattern (unlink then create): oldFileID=447699463700480, newName=key.txt, versions=0
[2026-01-26 11:58:18.787] [VFS DEBUG] [VFS Create] Successfully created file: name=key.txt, fileID=447699585335296, parentID=447679905660928
[2026-01-26 11:58:18.787] [VFS DEBUG] [VFS Create] Handling atomic replace: oldFileID=447699463700480, newFileID=447699585335296, versions=0
[2026-01-26 11:58:18.787] [VFS DEBUG] [VFS Create] Deleted old file object: oldFileID=447699463700480
[2026-01-26 11:58:18.787] [VFS DEBUG] [VFS invalidateDirListCache] Invalidated directory cache: dirID=447679905660928
[2026-01-26 11:58:18.788] [VFS DEBUG] [VFS Setattr] Entry: objID=447699585335296, valid=0x1, FileHandle=<nil>
[2026-01-26 11:58:18.788] [VFS DEBUG] [VFS Setattr] Setting file mode: objID=447699585335296, oldMode=0100766, newMode=0100766, oldModeField=502
[2026-01-26 11:58:18.788] [VFS DEBUG] [VFS Setattr] Mode updated: objID=447699585335296, newModeField=502
[2026-01-26 11:58:18.788] [VFS DEBUG] [VFS Setattr] Successfully updated object in database: objID=447699585335296, mode=502, mtime=1769428698
[2026-01-26 11:58:18.788] [VFS DEBUG] [VFS Setattr] Updated file object cache: objID=447699585335296
[2026-01-26 11:58:18.788] [VFS DEBUG] [VFS Setattr] Updated local object cache: objID=447699585335296
[2026-01-26 11:58:18.788] [VFS DEBUG] [VFS Setattr] Invalidated parent directory listing cache: objID=447699585335296, parentID=447679905660928
[2026-01-26 11:58:18.788] [VFS DEBUG] [VFS Setattr] Successfully completed: objID=447699585335296, mode=0100766, size=0, mtime=1769428698
[2026-01-26 11:58:18.788] [VFS DEBUG] [VFS getObj] Found in global cache: objID=447679905660928, type=1 (FILE=2, DIR=1), name=win, PID=447679721111552, size=0
[2026-01-26 11:58:18.794] [VFS DEBUG] [VFS getObj] Found in global cache: objID=447699585335296, type=2 (FILE=2, DIR=1), name=key.txt, PID=447679905660928, size=0

[2026-01-26 11:58:18.796] [VFS DEBUG] [VFS Setattr] Entry: objID=447699585335296, valid=0x248, FileHandle=i447699585335296 g0 (reg): 
[2026-01-26 11:58:18.796] [VFS DEBUG] [VFS NewRandomAccessor] Created RandomAccessor: fileID=447699585335296, fileName=key.txt, isTmpFile=false
[2026-01-26 11:58:18.796] [VFS DEBUG] [VFS getRandomAccessor] Registering RandomAccessor: fileID=447699585335296
[2026-01-26 11:58:18.796] [VFS DEBUG] [VFS RA Registry] Registered RandomAccessor: fileID=447699585335296, ra=0xc013e1a000
[2026-01-26 11:58:18.797] [VFS DEBUG] [VFS Setattr] No object updated: objID=447699585335296
[2026-01-26 11:58:18.797] [VFS DEBUG] [VFS Setattr] Entry: objID=447699585335296, valid=0x30, FileHandle=<nil>
[2026-01-26 11:58:18.797] [VFS DEBUG] [VFS Setattr] Setting mtime: objID=447699585335296, oldMTime=1769428698, newMTime=1769428699
[2026-01-26 11:58:18.797] [VFS DEBUG] [VFS Setattr] Setting atime: objID=447699585335296, atime=1769428698
[2026-01-26 11:58:18.797] [VFS DEBUG] [VFS Setattr] Successfully updated object in database: objID=447699585335296, mode=502, mtime=1769428699
[2026-01-26 11:58:18.797] [VFS DEBUG] [VFS Setattr] Updated file object cache: objID=447699585335296
[2026-01-26 11:58:18.797] [VFS DEBUG] [VFS Setattr] Updated local object cache: objID=447699585335296
[2026-01-26 11:58:18.797] [VFS DEBUG] [VFS Setattr] Invalidated parent directory listing cache: objID=447699585335296, parentID=447679905660928
[2026-01-26 11:58:18.797] [VFS DEBUG] [VFS Setattr] Successfully completed: objID=447699585335296, mode=0100766, size=241, mtime=1769428699
[2026-01-26 11:58:18.800] [VFS DEBUG] [VFS getObj] Found in global cache: objID=447699585335296, type=2 (FILE=2, DIR=1), name=key.txt, PID=447679905660928, size=241
[2026-01-26 11:58:18.800] [VFS DEBUG] [VFS Write] Write called: objID=447699585335296, offset=0, size=241
[2026-01-26 11:58:18.800] [VFS DEBUG] [VFS Write] Object info: objID=447699585335296, type=2 (FILE=2, DIR=1), name=key.txt, PID=447679905660928
[2026-01-26 11:58:18.800] [VFS DEBUG] [VFS Write] Writing data: fileID=447699585335296, offset=0, size=241
[2026-01-26 11:58:18.801] [VFS DEBUG] [VFS RandomAccessor Write] Writing data (hex): fileID=447699585335296, offset=0, size=241, first64Bytes=2d2d2d2d2d424547494e2050524956415445204b45592d2d2d2d2d0a4d494748416745414d424d4742797147534d34394167454743437147534d343941774548
[2026-01-26 11:58:18.801] [VFS DEBUG] [VFS updateWriteRange] Initialized write range: fileID=447699585335296, start=0, end=241
[2026-01-26 11:58:18.801] [VFS DEBUG] [VFS shouldUseJournal] Default case, not using journal: fileID=447699585335296, offset=0
[2026-01-26 11:58:18.801] [VFS DEBUG] [VFS initSequentialBufferWithNewData] FS config: fileID=447699585335296, bktID=446608185491456, CmprWay=0x0, EndecWay=0x2
[2026-01-26 11:58:18.801] [VFS DEBUG] [VFS initSequentialBufferWithNewData] Set encryption flag: fileID=447699585335296, EndecWay=0x2, Kind=0x2
[2026-01-26 11:58:18.801] [VFS DEBUG] [VFS initSequentialBufferWithNewData] Final DataInfo Kind: fileID=447699585335296, Kind=0x2
[2026-01-26 11:58:18.801] [VFS DEBUG] [VFS initSequentialBufferWithNewData] Created new DataID and updated DB: fileID=447699585335296, oldDataID=0, newDataID=447699585335297, size=241
[2026-01-26 11:58:18.801] [VFS DEBUG] [VFS tryInitSeqBuffer] Initialized seqBuffer for new file: fileID=447699585335296
[2026-01-26 11:58:18.801] [VFS DEBUG] [VFS RandomAccessor Write] Initialized seqBuffer, using sequential write: fileID=447699585335296, offset=0
[2026-01-26 11:58:18.801] [VFS DEBUG] [VFS Write] Successfully wrote data: fileID=447699585335296, offset=0, size=241, written=241
[2026-01-26 11:58:18.805] [VFS DEBUG] [VFS getObj] Found in global cache: objID=447699585335296, type=2 (FILE=2, DIR=1), name=key.txt, PID=447679905660928, size=241
[2026-01-26 11:58:18.819] [VFS DEBUG] [VFS Statfs] Entry: objID=447699585335296, bktID=446608185491456
[2026-01-26 11:58:18.819] [VFS DEBUG] [VFS Statfs] Cache hit: bktID=446608185491456, returning cached statfs
[2026-01-26 11:58:18.827] [VFS DEBUG] [VFS Setattr] Entry: objID=447699585335296, valid=0x30, FileHandle=<nil>
[2026-01-26 11:58:18.827] [VFS DEBUG] [VFS Setattr] Setting mtime: objID=447699585335296, oldMTime=1769428698, newMTime=1769428699
[2026-01-26 11:58:18.827] [VFS DEBUG] [VFS Setattr] Setting atime: objID=447699585335296, atime=1769428698
[2026-01-26 11:58:18.828] [VFS DEBUG] [VFS Setattr] Successfully updated object in database: objID=447699585335296, mode=0, mtime=1769428699
[2026-01-26 11:58:18.828] [VFS DEBUG] [VFS Setattr] Updated file object cache: objID=447699585335296
[2026-01-26 11:58:18.828] [VFS DEBUG] [VFS Setattr] Updated local object cache: objID=447699585335296
[2026-01-26 11:58:18.828] [VFS DEBUG] [VFS Setattr] Invalidated parent directory listing cache: objID=447699585335296, parentID=447679905660928
[2026-01-26 11:58:18.828] [VFS DEBUG] [VFS Setattr] Successfully completed: objID=447699585335296, mode=0100644, size=241, mtime=1769428699
[2026-01-26 11:58:18.830] [VFS DEBUG] [VFS getObj] Found in global cache: objID=447699585335296, type=2 (FILE=2, DIR=1), name=key.txt, PID=447679905660928, size=241
[2026-01-26 11:58:18.837] [VFS DEBUG] [VFS Setattr] Entry: objID=447699585335296, valid=0x30, FileHandle=<nil>
[2026-01-26 11:58:18.837] [VFS DEBUG] [VFS Setattr] Setting mtime: objID=447699585335296, oldMTime=1769428699, newMTime=1749719041
[2026-01-26 11:58:18.837] [VFS DEBUG] [VFS Setattr] Setting atime: objID=447699585335296, atime=1769428698
[2026-01-26 11:58:18.838] [VFS DEBUG] [VFS Setattr] Successfully updated object in database: objID=447699585335296, mode=0, mtime=1749719041
[2026-01-26 11:58:18.838] [VFS DEBUG] [VFS Setattr] Updated file object cache: objID=447699585335296
[2026-01-26 11:58:18.838] [VFS DEBUG] [VFS Setattr] Updated local object cache: objID=447699585335296
[2026-01-26 11:58:18.838] [VFS DEBUG] [VFS Setattr] Invalidated parent directory listing cache: objID=447699585335296, parentID=447679905660928
[2026-01-26 11:58:18.838] [VFS DEBUG] [VFS Setattr] Successfully completed: objID=447699585335296, mode=0100644, size=241, mtime=1749719041
[2026-01-26 11:58:18.838] [VFS DEBUG] [VFS Setattr] Entry: objID=447699585335296, valid=0x30, FileHandle=<nil>
[2026-01-26 11:58:18.838] [VFS DEBUG] [VFS getObj] Found in global cache: objID=447699585335296, type=2 (FILE=2, DIR=1), name=key.txt, PID=447679905660928, size=241
[2026-01-26 11:58:18.838] [VFS DEBUG] [VFS Setattr] Setting mtime: objID=447699585335296, oldMTime=1749719041, newMTime=1769428699
[2026-01-26 11:58:18.838] [VFS DEBUG] [VFS Setattr] Setting atime: objID=447699585335296, atime=1769428698
[2026-01-26 11:58:18.839] [VFS DEBUG] [VFS Setattr] Successfully updated object in database: objID=447699585335296, mode=0, mtime=1769428699
[2026-01-26 11:58:18.839] [VFS DEBUG] [VFS Setattr] Updated file object cache: objID=447699585335296
[2026-01-26 11:58:18.839] [VFS DEBUG] [VFS Setattr] Updated local object cache: objID=447699585335296
[2026-01-26 11:58:18.839] [VFS DEBUG] [VFS Setattr] Invalidated parent directory listing cache: objID=447699585335296, parentID=447679905660928
[2026-01-26 11:58:18.839] [VFS DEBUG] [VFS Setattr] Successfully completed: objID=447699585335296, mode=0100644, size=241, mtime=1769428699
[2026-01-26 11:58:18.842] [VFS DEBUG] [VFS getObj] Found in global cache: objID=447699585335296, type=2 (FILE=2, DIR=1), name=key.txt, PID=447679905660928, size=241
[2026-01-26 11:58:18.845] [VFS DEBUG] [VFS Setattr] Entry: objID=447699585335296, valid=0x30, FileHandle=<nil>
[2026-01-26 11:58:18.845] [VFS DEBUG] [VFS Setattr] Setting mtime: objID=447699585335296, oldMTime=1769428699, newMTime=1749719041
[2026-01-26 11:58:18.845] [VFS DEBUG] [VFS Setattr] Setting atime: objID=447699585335296, atime=1769428699
[2026-01-26 11:58:18.846] [VFS DEBUG] [VFS Setattr] Successfully updated object in database: objID=447699585335296, mode=0, mtime=1749719041
[2026-01-26 11:58:18.846] [VFS DEBUG] [VFS Setattr] Updated file object cache: objID=447699585335296
[2026-01-26 11:58:18.846] [VFS DEBUG] [VFS Setattr] Updated local object cache: objID=447699585335296
[2026-01-26 11:58:18.846] [VFS DEBUG] [VFS Setattr] Invalidated parent directory listing cache: objID=447699585335296, parentID=447679905660928
[2026-01-26 11:58:18.846] [VFS DEBUG] [VFS Setattr] Successfully completed: objID=447699585335296, mode=0100644, size=241, mtime=1749719041
[2026-01-26 11:58:18.849] [VFS DEBUG] [VFS getObj] Found in global cache: objID=447699585335296, type=2 (FILE=2, DIR=1), name=key.txt, PID=447679905660928, size=241
[2026-01-26 11:58:18.868] [VFS DEBUG] [VFS Flush] Entry: objID=447699585335296, FileHandle=i447699585335296 g0 (reg): 
[2026-01-26 11:58:18.868] [VFS DEBUG] [VFS flushImpl] Entry: objID=447699585335296
[2026-01-26 11:58:18.868] [VFS DEBUG] [VFS Flush] Flushing file: fileID=447699585335296, currentSize=241
[2026-01-26 11:58:18.868] [VFS DEBUG] [VFS RandomAccessor Flush] Starting flush: fileID=447699585335296, force=false
[2026-01-26 11:58:18.868] [VFS DEBUG] [VFS RandomAccessor Flush] 🔍 Checking journal flush path: fileID=447699585335296, force=false
[2026-01-26 11:58:18.868] [VFS DEBUG] [VFS flushJournal] No journal: fileID=447699585335296
[2026-01-26 11:58:18.868] [VFS DEBUG] [VFS RandomAccessor Flush] ⚠️ Journal not flushed: fileID=447699585335296, versionID=0, will try other paths
[2026-01-26 11:58:18.868] [VFS DEBUG] [VFS RandomAccessor Flush] Got fileObj from cache after ChunkedFileWriter flush (non-tmp): fileID=447699585335296, dataID=447699585335297, size=241
[2026-01-26 11:58:18.868] [VFS DEBUG] [VFS RandomAccessor Flush] Sequential buffer state: fileID=447699585335296, hasData=true, closed=false, bufferSize=241, chunkSize=10485760, sn=0, force=false, shouldFlush=true
[2026-01-26 11:58:18.868] [VFS DEBUG] [VFS RandomAccessor Flush] Flushing sequential buffer: fileID=447699585335296, dataID=447699585335297, sn=0, bufferSize=241, chunkSize=10485760, force=false
[2026-01-26 11:58:18.868] [VFS DEBUG] [VFS flushSequentialBuffer] Entry: fileID=447699585335296, hasData=true, bufferLen=241, sn=0, OrigSize=0, Size=0, dataID=447699585335297
[2026-01-26 11:58:18.868] [VFS DEBUG] [VFS flushSequentialBuffer] Checking instant upload eligibility: fileID=447699585335296, totalSize=241 (OrigSize=0 + bufferSize=241), sn=0
[2026-01-26 11:58:18.868] [VFS DEBUG] [VFS flushSequentialBuffer] Flushing remaining buffer: fileID=447699585335296, bufferSize=241, sn=0
[2026-01-26 11:58:18.868] [VFS DEBUG] [VFS flushSequentialChunk] First chunk buffered sample (hex): fileID=447699585335296, dataID=447699585335297, sn=0, first64Bytes=2d2d2d2d2d424547494e2050524956415445204b45592d2d2d2d2d0a4d494748416745414d424d4742797147534d34394167454743437147534d343941774548
[2026-01-26 11:58:18.868] [VFS DEBUG] [VFS flushSequentialChunk] Original chunk: fileID=447699585335296, chunk=241, OrigSize=241, Kind=0x2 (CMPR=false, ENDEC=true)
[2026-01-26 11:58:18.868] [VFS DEBUG] [VFS flushSequentialChunk] Chunk sizes: fileID=447699585335296, original=241, encoded=269, Kind=0x2
[2026-01-26 11:58:18.868] [VFS DEBUG] [VFS flushSequentialChunk] Updated Size: fileID=447699585335296, Size=269, OrigSize=241 (CMPR=false, ENDEC=true)
[2026-01-26 11:58:18.868] [VFS DEBUG] [VFS flushSequentialChunk] Writing chunk: fileID=447699585335296, dataID=447699585335297, sn=0, originalSize=241, encodedSize=269
[2026-01-26 11:58:18.868] [VFS DEBUG] [VFS flushSequentialChunk] First chunk encoded sample (hex): fileID=447699585335296, dataID=447699585335297, sn=0, first64Bytes=0448f7a7b92bb111e4ef5f01942d413338380da365bfb4a9a010e389890463e81419b14d523d1eda8dca216df0a533c642d7ade5171e8509961efd3f42e2ca54

[2026-01-26 11:58:18.919] [VFS DEBUG] [VFS flushSequentialChunk] Successfully wrote chunk: fileID=447699585335296, dataID=447699585335297, sn=0, encodedSize=269, OrigSize=241, Size=269
[2026-01-26 11:58:18.919] [VFS DEBUG] [VFS flushSequentialChunk] After flush: fileID=447699585335296, dataID=447699585335297, sn=1, bufferLen=0, hasData=true, OrigSize=241, Size=269
[2026-01-26 11:58:18.919] [VFS DEBUG] [VFS flushSequentialBuffer] After flushing remaining buffer: fileID=447699585335296, sn=1, OrigSize=241, Size=269
[2026-01-26 11:58:18.919] [VFS DEBUG] [VFS flushSequentialBuffer] Final DataInfo before update: fileID=447699585335296, OrigSize=241, Size=269, Kind=0x2 (CMPR=false, ENDEC=true)
[2026-01-26 11:58:18.919] [VFS DEBUG] [VFS flushSequentialBuffer] Has compression/encryption, Size already set: fileID=447699585335296, OrigSize=241, Size=269
[2026-01-26 11:58:18.919] [VFS DEBUG] [VFS flushSequentialBuffer] File already had data (oldDataID=447699585335297, oldSize=241), merging with new writes (newSize=241) using streaming: fileID=447699585335296
[2026-01-26 11:58:18.919] [VFS DEBUG] [VFS flushSequentialBuffer] No new data to merge (buffer empty, newSize=241 == oldSize=241), skipping merge: fileID=447699585335296
[2026-01-26 11:58:18.919] [VFS DEBUG] [VFS RandomAccessor Flush] Sequential buffer flushed successfully: fileID=447699585335296
[2026-01-26 11:58:18.919] [VFS DEBUG] [VFS RandomAccessor Flush] Sequential flush completed: fileID=447699585335296, dataID=447699585335297, size=241
[2026-01-26 11:58:18.919] [VFS DEBUG] [VFS RandomAccessor Flush] Verified file object cache after sequential flush: fileID=447699585335296, size=241, dataID=447699585335297, mtime=1749719041
[2026-01-26 11:58:18.919] [VFS DEBUG] [VFS Flush] Got updated object from RandomAccessor cache: fileID=447699585335296, size=241, dataID=447699585335297, mtime=1749719041
[2026-01-26 11:58:18.919] [VFS DEBUG] [VFS Flush] Updated file object cache: fileID=447699585335296, size=241, dataID=447699585335297, mtime=1749719041
[2026-01-26 11:58:18.919] [VFS DEBUG] [VFS invalidateDirListCache] Invalidated directory cache: dirID=447679905660928
[2026-01-26 11:58:18.919] [VFS DEBUG] [VFS Flush] Updated directory listing cache after flush: fileID=447699585335296, dirID=447679905660928, name=key.txt, size=241
[2026-01-26 11:58:18.919] [VFS DEBUG] [VFS Flush] Successfully flushed file: fileID=447699585335296, versionID=447699585335298, finalSize=241, dataID=447699585335297, mtime=1749719041
[2026-01-26 11:58:18.919] [VFS DEBUG] [VFS Release] Entry: objID=447699585335296, FileHandle=i447699585335296 g0 (reg): 
[2026-01-26 11:58:18.919] [VFS DEBUG] [VFS releaseImpl] Entry: objID=447699585335296
[2026-01-26 11:58:18.919] [VFS DEBUG] [VFS Release] Releasing file: fileID=447699585335296, currentSize=241, isTmpFile=false
[2026-01-26 11:58:18.919] [VFS DEBUG] [VFS RandomAccessor Flush] Starting flush: fileID=447699585335296, force=true
[2026-01-26 11:58:18.919] [VFS DEBUG] [VFS RandomAccessor Flush] 🔍 Checking journal flush path: fileID=447699585335296, force=true
[2026-01-26 11:58:18.919] [VFS DEBUG] [VFS flushJournal] No journal: fileID=447699585335296
[2026-01-26 11:58:18.919] [VFS DEBUG] [VFS RandomAccessor Flush] ⚠️ Journal not flushed: fileID=447699585335296, versionID=0, will try other paths
[2026-01-26 11:58:18.919] [VFS DEBUG] [VFS RandomAccessor Flush] Got fileObj from cache after ChunkedFileWriter flush (non-tmp): fileID=447699585335296, dataID=447699585335297, size=241
[2026-01-26 11:58:18.919] [VFS DEBUG] [VFS RandomAccessor Flush] Buffer stats: fileID=447699585335296, writeIndex=0, totalSize=0
[2026-01-26 11:58:18.919] [VFS DEBUG] [VFS RandomAccessor Flush] No pending writes: fileID=447699585335296, writeIndex=0, totalSize=0
[2026-01-26 11:58:18.919] [VFS DEBUG] [VFS Release] Flushed during release: fileID=447699585335296, versionID=0
[2026-01-26 11:58:18.919] [VFS DEBUG] [VFS Release] Got updated object from RandomAccessor cache before close: fileID=447699585335296, size=241, dataID=447699585335297, mtime=1749719041
[2026-01-26 11:58:18.919] [VFS DEBUG] [VFS RandomAccessor Close] Starting Close: fileID=447699585335296
[2026-01-26 11:58:18.919] [VFS DEBUG] [VFS RandomAccessor Close] Sparse file fully written (size=241 >= sparseSize=241), clearing sparse file flag: fileID=447699585335296
[2026-01-26 11:58:18.919] [VFS DEBUG] [VFS RandomAccessor Close] Completed ChunkedFileWriter flush for sparse file: fileID=447699585335296
[2026-01-26 11:58:18.919] [VFS DEBUG] [VFS RandomAccessor Close] Saved dataID before ForceFlush(): fileID=447699585335296, dataID=447699585335297
[2026-01-26 11:58:18.919] [VFS DEBUG] [VFS RandomAccessor Close] Calling ForceFlush: fileID=447699585335296
[2026-01-26 11:58:18.919] [VFS DEBUG] [VFS RandomAccessor Flush] Starting flush: fileID=447699585335296, force=true
[2026-01-26 11:58:18.919] [VFS DEBUG] [VFS RandomAccessor Flush] 🔍 Checking journal flush path: fileID=447699585335296, force=true
[2026-01-26 11:58:18.919] [VFS DEBUG] [VFS flushJournal] No journal: fileID=447699585335296
[2026-01-26 11:58:18.919] [VFS DEBUG] [VFS RandomAccessor Flush] ⚠️ Journal not flushed: fileID=447699585335296, versionID=0, will try other paths
[2026-01-26 11:58:18.919] [VFS DEBUG] [VFS RandomAccessor Flush] Got fileObj from cache after ChunkedFileWriter flush (non-tmp): fileID=447699585335296, dataID=447699585335297, size=241
[2026-01-26 11:58:18.919] [VFS DEBUG] [VFS RandomAccessor Flush] Buffer stats: fileID=447699585335296, writeIndex=0, totalSize=0
[2026-01-26 11:58:18.919] [VFS DEBUG] [VFS RandomAccessor Flush] No pending writes: fileID=447699585335296, writeIndex=0, totalSize=0
[2026-01-26 11:58:18.919] [VFS DEBUG] [VFS RandomAccessor Close] ForceFlush completed: fileID=447699585335296
[2026-01-26 11:58:18.919] [VFS DEBUG] [VFS RandomAccessor Close] Final file object after flush: fileID=447699585335296, DataID=447699585335297, Size=241
[2026-01-26 11:58:18.919] [VFS DEBUG] [VFS RandomAccessor Close] Removed from decodingReaderCache: fileID=447699585335296, dataID=447699585335297
[2026-01-26 11:58:18.919] [VFS DEBUG] [VFS Release] Updated file object cache: fileID=447699585335296, size=241, dataID=447699585335297, mtime=1749719041
[2026-01-26 11:58:18.919] [VFS DEBUG] [VFS invalidateDirListCache] Invalidated directory cache: dirID=447679905660928
[2026-01-26 11:58:18.919] [VFS DEBUG] [VFS Release] Updated directory listing cache after release: fileID=447699585335296, dirID=447679905660928, name=key.txt, size=241
[2026-01-26 11:58:18.919] [VFS DEBUG] [VFS Release] Successfully released file: fileID=447699585335296, finalSize=241, dataID=447699585335297, mtime=1749719041
[2026-01-26 11:58:18.926] [VFS DEBUG] [VFS Opendir] Entry: objID=447679905660928
[2026-01-26 11:58:18.926] [VFS DEBUG] [VFS Opendir] Allowing directory open: objID=447679905660928
[2026-01-26 11:58:18.933] [VFS DEBUG] [VFS Opendir] Entry: objID=447679721111552
[2026-01-26 11:58:18.933] [VFS DEBUG] [VFS Opendir] Allowing directory open: objID=447679721111552
[2026-01-26 11:58:18.938] [VFS DEBUG] [VFS Opendir] Entry: objID=447679905660928
[2026-01-26 11:58:18.939] [VFS DEBUG] [VFS Opendir] Allowing directory open: objID=447679905660928




[2026-01-26 11:44:28.086] [VFS DEBUG] [VFS Open] Entry: objID=447696074702848, flags=0x8000
[2026-01-26 11:44:28.086] [VFS DEBUG] [VFS Open] Object info: objID=447696074702848, type=2 (FILE=2, DIR=1), name=key.txt, PID=447679905660928, flags=0x8000
[2026-01-26 11:44:28.086] [VFS DEBUG] [VFS Open] O_LARGEFILE flag set: fileID=447696074702848, flags=0x8000
[2026-01-26 11:44:28.086] [VFS DEBUG] [VFS Open] Opened file: fileID=447696074702848, flags=0x8000 (O_WRONLY=0x1, O_RDWR=0x2, O_RDONLY=0x0, O_LARGEFILE=0x8000)
[2026-01-26 11:44:28.086] [VFS DEBUG] [VFS Open] File open mode: fileID=447696074702848, isWriteMode=false, hasLargeFileFlag=true, flags=0x8000 (O_WRONLY=0x1, O_RDWR=0x2, O_CREAT=0x40, O_TRUNC=0x200, O_EXCL=0x80)
[2026-01-26 11:44:28.086] [VFS DEBUG] [VFS Open] File metadata after Open: fileID=447696074702848, name=key.txt, size=241, dataID=447696074702849, mtime=1749719041, mode=0100644, type=2, pid=447679905660928
[2026-01-26 11:44:28.087] [VFS DEBUG] [VFS Open] Returning FileHandle: fileID=447696074702848, fuseFlags=0x0, FileHandle type=*vfs.OrcasNode, implements FileWriter=true
[2026-01-26 11:44:28.087] [VFS DEBUG] [VFS Read] Entry: objID=447696074702848, offset=0, size=4096
[2026-01-26 11:44:28.087] [VFS DEBUG] [VFS Flush] Entry: objID=447696074702848, FileHandle=i447696074702848 g0 (reg): 
[2026-01-26 11:44:28.087] [VFS DEBUG] [VFS flushImpl] Entry: objID=447696074702848
[2026-01-26 11:44:28.087] [VFS DEBUG] [VFS Release] Entry: objID=447696074702848, FileHandle=i447696074702848 g0 (reg): 
[2026-01-26 11:44:28.087] [VFS DEBUG] [VFS releaseImpl] Entry: objID=447696074702848
